\BOOKMARK [1][-]{section.1}{Conception}{}
\BOOKMARK [2][-]{subsection.1.1}{Diagramme de classes}{section.1}
\BOOKMARK [3][-]{subsubsection.1.1.1}{Types de donn\351es}{subsection.1.1}
\BOOKMARK [3][-]{subsubsection.1.1.2}{Sauvegarde de l'historique}{subsection.1.1}
\BOOKMARK [3][-]{subsubsection.1.1.3}{Piles}{subsection.1.1}
\BOOKMARK [3][-]{subsubsection.1.1.4}{Calculatrice}{subsection.1.1}
\BOOKMARK [2][-]{subsection.1.2}{Diagrammes de s\351quences}{section.1}
\BOOKMARK [1][-]{section.2}{Impl\351mentation}{}
\BOOKMARK [2][-]{subsection.2.1}{Param\350tres utilisateur}{section.2}
\BOOKMARK [2][-]{subsection.2.2}{Variable utilisateur}{section.2}
\BOOKMARK [2][-]{subsection.2.3}{Sauvegarde et restauration de contexte}{section.2}
\BOOKMARK [2][-]{subsection.2.4}{Historique}{section.2}
\BOOKMARK [2][-]{subsection.2.5}{Exceptions}{section.2}
\BOOKMARK [2][-]{subsection.2.6}{M\351thodes de Constante et ses classes filles}{section.2}
\BOOKMARK [2][-]{subsection.2.7}{Piles}{section.2}
\BOOKMARK [2][-]{subsection.2.8}{Op\351rateur binaires}{section.2}
\BOOKMARK [2][-]{subsection.2.9}{Types de donn\351es}{section.2}
\BOOKMARK [2][-]{subsection.2.10}{Utilisation des Singletons}{section.2}
\BOOKMARK [1][-]{section.3}{Am\351liorations et difficult\351s}{}
\BOOKMARK [2][-]{subsection.3.1}{Critiques de Conception}{section.3}
